<?xml version="1.0" encoding="UTF-8"?>
<coverage generated="1633603751353" clover="3.2.0">
  <project timestamp="1633603751353" name="All files">
    <metrics statements="14" coveredstatements="11" conditionals="4" coveredconditionals="2" methods="7" coveredmethods="5" elements="25" coveredelements="18" complexity="0" loc="14" ncloc="14" packages="1" files="2" classes="2"/>
    <file name="basket.js" path="C:\Users\ben.walker\Documents\Bootcamp\js-bootcamp-2021\session-9\jest-template-main\src\app\basket.js">
      <metrics statements="4" coveredstatements="2" conditionals="0" coveredconditionals="0" methods="4" coveredmethods="2"/>
      <line num="3" count="2" type="stmt"/>
      <line num="7" count="1" type="stmt"/>
      <line num="11" count="0" type="stmt"/>
      <line num="12" count="0" type="stmt"/>
    </file>
    <file name="calculator.js" path="C:\Users\ben.walker\Documents\Bootcamp\js-bootcamp-2021\session-9\jest-template-main\src\app\calculator.js">
      <metrics statements="10" coveredstatements="9" conditionals="4" coveredconditionals="2" methods="3" coveredmethods="3"/>
      <line num="1" count="1" type="stmt"/>
      <line num="2" count="3" type="stmt"/>
      <line num="4" count="3" type="stmt"/>
      <line num="5" count="9" type="cond" truecount="1" falsecount="1"/>
      <line num="6" count="9" type="stmt"/>
      <line num="9" count="3" type="stmt"/>
      <line num="12" count="1" type="stmt"/>
      <line num="13" count="3" type="cond" truecount="1" falsecount="1"/>
      <line num="14" count="0" type="stmt"/>
      <line num="16" count="3" type="stmt"/>
    </file>
  </project>
</coverage>
