TN:
SF:src\app\basket.js
FN:2,(anonymous_0)
FN:6,(anonymous_1)
FN:10,(anonymous_2)
FN:12,(anonymous_3)
FNF:4
FNH:2
FNDA:2,(anonymous_0)
FNDA:1,(anonymous_1)
FNDA:0,(anonymous_2)
FNDA:0,(anonymous_3)
DA:3,2
DA:7,1
DA:11,0
DA:12,0
LF:4
LH:2
BRF:0
BRH:0
end_of_record
TN:
SF:src\app\calculator.js
FN:1,(anonymous_0)
FN:4,(anonymous_1)
FN:12,(anonymous_2)
FNF:3
FNH:3
FNDA:3,(anonymous_0)
FNDA:9,(anonymous_1)
FNDA:3,(anonymous_2)
DA:1,1
DA:2,3
DA:4,3
DA:5,9
DA:6,9
DA:9,3
DA:12,1
DA:13,3
DA:14,0
DA:16,3
LF:10
LH:9
BRDA:5,0,0,9
BRDA:5,0,1,0
BRDA:13,1,0,0
BRDA:13,1,1,3
BRF:4
BRH:2
end_of_record
